{"/Users/felipe_gonzalez/Developer/plan_dope/src/cli.ts": {"path":"/Users/felipe_gonzalez/Developer/plan_dope/src/cli.ts","all":true,"statementMap":{"0":{"start":{"line":1,"column":0},"end":{"line":1,"column":36}},"8":{"start":{"line":9,"column":0},"end":{"line":9,"column":58}},"9":{"start":{"line":10,"column":0},"end":{"line":10,"column":25}},"10":{"start":{"line":11,"column":0},"end":{"line":11,"column":25}},"11":{"start":{"line":12,"column":0},"end":{"line":12,"column":27}},"12":{"start":{"line":13,"column":0},"end":{"line":13,"column":25}},"13":{"start":{"line":14,"column":0},"end":{"line":14,"column":29}},"14":{"start":{"line":15,"column":0},"end":{"line":15,"column":25}},"15":{"start":{"line":16,"column":0},"end":{"line":16,"column":1}}},"s":{"0":0,"8":0,"9":0,"10":0,"11":0,"12":0,"13":0,"14":0,"15":0},"branchMap":{"0":{"type":"branch","line":1,"loc":{"start":{"line":1,"column":596},"end":{"line":16,"column":1}},"locations":[{"start":{"line":1,"column":596},"end":{"line":16,"column":1}}]}},"b":{"0":[0]},"fnMap":{"0":{"name":"(empty-report)","decl":{"start":{"line":1,"column":596},"end":{"line":16,"column":1}},"loc":{"start":{"line":1,"column":596},"end":{"line":16,"column":1}},"line":1}},"f":{"0":0}}
,"/Users/felipe_gonzalez/Developer/plan_dope/src/index.ts": {"path":"/Users/felipe_gonzalez/Developer/plan_dope/src/index.ts","all":true,"statementMap":{"0":{"start":{"line":1,"column":0},"end":{"line":1,"column":19}},"2":{"start":{"line":3,"column":0},"end":{"line":3,"column":36}},"3":{"start":{"line":4,"column":0},"end":{"line":4,"column":44}},"5":{"start":{"line":6,"column":0},"end":{"line":6,"column":30}},"7":{"start":{"line":8,"column":0},"end":{"line":8,"column":7}},"8":{"start":{"line":9,"column":0},"end":{"line":9,"column":15}},"9":{"start":{"line":10,"column":0},"end":{"line":10,"column":95}},"10":{"start":{"line":11,"column":0},"end":{"line":11,"column":20}},"12":{"start":{"line":13,"column":0},"end":{"line":13,"column":26}},"14":{"start":{"line":15,"column":0},"end":{"line":15,"column":28}}},"s":{"0":0,"2":0,"3":0,"5":0,"7":0,"8":0,"9":0,"10":0,"12":0,"14":0},"branchMap":{"0":{"type":"branch","line":1,"loc":{"start":{"line":1,"column":0},"end":{"line":15,"column":-52}},"locations":[{"start":{"line":1,"column":0},"end":{"line":15,"column":-52}}]}},"b":{"0":[0]},"fnMap":{"0":{"name":"(empty-report)","decl":{"start":{"line":1,"column":0},"end":{"line":15,"column":-52}},"loc":{"start":{"line":1,"column":0},"end":{"line":15,"column":-52}},"line":1}},"f":{"0":0}}
,"/Users/felipe_gonzalez/Developer/plan_dope/src/commands/checkpoint.ts": {"path":"/Users/felipe_gonzalez/Developer/plan_dope/src/commands/checkpoint.ts","all":true,"statementMap":{"0":{"start":{"line":1,"column":0},"end":{"line":1,"column":36}},"5":{"start":{"line":6,"column":0},"end":{"line":6,"column":59}},"6":{"start":{"line":7,"column":0},"end":{"line":7,"column":9}},"7":{"start":{"line":8,"column":0},"end":{"line":8,"column":26}},"8":{"start":{"line":9,"column":0},"end":{"line":9,"column":67}},"9":{"start":{"line":10,"column":0},"end":{"line":10,"column":63}},"10":{"start":{"line":11,"column":0},"end":{"line":11,"column":49}},"11":{"start":{"line":12,"column":0},"end":{"line":12,"column":97}},"12":{"start":{"line":13,"column":0},"end":{"line":13,"column":90}},"13":{"start":{"line":14,"column":0},"end":{"line":14,"column":11}},"14":{"start":{"line":15,"column":0},"end":{"line":15,"column":61}},"15":{"start":{"line":16,"column":0},"end":{"line":16,"column":93}},"16":{"start":{"line":17,"column":0},"end":{"line":17,"column":60}},"17":{"start":{"line":18,"column":0},"end":{"line":18,"column":23}},"18":{"start":{"line":19,"column":0},"end":{"line":19,"column":90}},"19":{"start":{"line":20,"column":0},"end":{"line":20,"column":24}},"20":{"start":{"line":21,"column":0},"end":{"line":21,"column":7}},"21":{"start":{"line":22,"column":0},"end":{"line":22,"column":7}},"22":{"start":{"line":23,"column":0},"end":{"line":23,"column":1}}},"s":{"0":0,"5":0,"6":0,"7":0,"8":0,"9":0,"10":0,"11":0,"12":0,"13":0,"14":0,"15":0,"16":0,"17":0,"18":0,"19":0,"20":0,"21":0,"22":0},"branchMap":{"0":{"type":"branch","line":1,"loc":{"start":{"line":1,"column":1075},"end":{"line":23,"column":1}},"locations":[{"start":{"line":1,"column":1075},"end":{"line":23,"column":1}}]}},"b":{"0":[0]},"fnMap":{"0":{"name":"(empty-report)","decl":{"start":{"line":1,"column":1075},"end":{"line":23,"column":1}},"loc":{"start":{"line":1,"column":1075},"end":{"line":23,"column":1}},"line":1}},"f":{"0":0}}
,"/Users/felipe_gonzalez/Developer/plan_dope/src/commands/create.ts": {"path":"/Users/felipe_gonzalez/Developer/plan_dope/src/commands/create.ts","all":true,"statementMap":{"0":{"start":{"line":1,"column":0},"end":{"line":1,"column":36}},"5":{"start":{"line":6,"column":0},"end":{"line":6,"column":55}},"6":{"start":{"line":7,"column":0},"end":{"line":7,"column":9}},"7":{"start":{"line":8,"column":0},"end":{"line":8,"column":22}},"8":{"start":{"line":9,"column":0},"end":{"line":9,"column":66}},"9":{"start":{"line":10,"column":0},"end":{"line":10,"column":63}},"10":{"start":{"line":11,"column":0},"end":{"line":11,"column":74}},"11":{"start":{"line":12,"column":0},"end":{"line":12,"column":63}},"12":{"start":{"line":13,"column":0},"end":{"line":13,"column":11}},"13":{"start":{"line":14,"column":0},"end":{"line":14,"column":61}},"14":{"start":{"line":15,"column":0},"end":{"line":15,"column":64}},"15":{"start":{"line":16,"column":0},"end":{"line":16,"column":48}},"16":{"start":{"line":17,"column":0},"end":{"line":17,"column":23}},"17":{"start":{"line":18,"column":0},"end":{"line":18,"column":90}},"18":{"start":{"line":19,"column":0},"end":{"line":19,"column":24}},"19":{"start":{"line":20,"column":0},"end":{"line":20,"column":7}},"20":{"start":{"line":21,"column":0},"end":{"line":21,"column":7}},"21":{"start":{"line":22,"column":0},"end":{"line":22,"column":1}}},"s":{"0":0,"5":0,"6":0,"7":0,"8":0,"9":0,"10":0,"11":0,"12":0,"13":0,"14":0,"15":0,"16":0,"17":0,"18":0,"19":0,"20":0,"21":0},"branchMap":{"0":{"type":"branch","line":1,"loc":{"start":{"line":1,"column":900},"end":{"line":22,"column":1}},"locations":[{"start":{"line":1,"column":900},"end":{"line":22,"column":1}}]}},"b":{"0":[0]},"fnMap":{"0":{"name":"(empty-report)","decl":{"start":{"line":1,"column":900},"end":{"line":22,"column":1}},"loc":{"start":{"line":1,"column":900},"end":{"line":22,"column":1}},"line":1}},"f":{"0":0}}
,"/Users/felipe_gonzalez/Developer/plan_dope/src/commands/derive.ts": {"path":"/Users/felipe_gonzalez/Developer/plan_dope/src/commands/derive.ts","all":true,"statementMap":{"0":{"start":{"line":1,"column":0},"end":{"line":1,"column":36}},"5":{"start":{"line":6,"column":0},"end":{"line":6,"column":55}},"6":{"start":{"line":7,"column":0},"end":{"line":7,"column":9}},"7":{"start":{"line":8,"column":0},"end":{"line":8,"column":22}},"8":{"start":{"line":9,"column":0},"end":{"line":9,"column":51}},"9":{"start":{"line":10,"column":0},"end":{"line":10,"column":63}},"10":{"start":{"line":11,"column":0},"end":{"line":11,"column":59}},"11":{"start":{"line":12,"column":0},"end":{"line":12,"column":67}},"12":{"start":{"line":13,"column":0},"end":{"line":13,"column":11}},"13":{"start":{"line":14,"column":0},"end":{"line":14,"column":61}},"14":{"start":{"line":15,"column":0},"end":{"line":15,"column":68}},"15":{"start":{"line":16,"column":0},"end":{"line":16,"column":50}},"16":{"start":{"line":17,"column":0},"end":{"line":17,"column":23}},"17":{"start":{"line":18,"column":0},"end":{"line":18,"column":90}},"18":{"start":{"line":19,"column":0},"end":{"line":19,"column":24}},"19":{"start":{"line":20,"column":0},"end":{"line":20,"column":7}},"20":{"start":{"line":21,"column":0},"end":{"line":21,"column":7}},"21":{"start":{"line":22,"column":0},"end":{"line":22,"column":1}}},"s":{"0":0,"5":0,"6":0,"7":0,"8":0,"9":0,"10":0,"11":0,"12":0,"13":0,"14":0,"15":0,"16":0,"17":0,"18":0,"19":0,"20":0,"21":0},"branchMap":{"0":{"type":"branch","line":1,"loc":{"start":{"line":1,"column":880},"end":{"line":22,"column":1}},"locations":[{"start":{"line":1,"column":880},"end":{"line":22,"column":1}}]}},"b":{"0":[0]},"fnMap":{"0":{"name":"(empty-report)","decl":{"start":{"line":1,"column":880},"end":{"line":22,"column":1}},"loc":{"start":{"line":1,"column":880},"end":{"line":22,"column":1}},"line":1}},"f":{"0":0}}
,"/Users/felipe_gonzalez/Developer/plan_dope/src/commands/review.ts": {"path":"/Users/felipe_gonzalez/Developer/plan_dope/src/commands/review.ts","all":true,"statementMap":{"0":{"start":{"line":1,"column":0},"end":{"line":1,"column":36}},"5":{"start":{"line":6,"column":0},"end":{"line":6,"column":55}},"6":{"start":{"line":7,"column":0},"end":{"line":7,"column":9}},"7":{"start":{"line":8,"column":0},"end":{"line":8,"column":22}},"8":{"start":{"line":9,"column":0},"end":{"line":9,"column":60}},"9":{"start":{"line":10,"column":0},"end":{"line":10,"column":63}},"10":{"start":{"line":11,"column":0},"end":{"line":11,"column":59}},"11":{"start":{"line":12,"column":0},"end":{"line":12,"column":67}},"12":{"start":{"line":13,"column":0},"end":{"line":13,"column":11}},"13":{"start":{"line":14,"column":0},"end":{"line":14,"column":61}},"14":{"start":{"line":15,"column":0},"end":{"line":15,"column":70}},"15":{"start":{"line":16,"column":0},"end":{"line":16,"column":56}},"16":{"start":{"line":17,"column":0},"end":{"line":17,"column":23}},"17":{"start":{"line":18,"column":0},"end":{"line":18,"column":90}},"18":{"start":{"line":19,"column":0},"end":{"line":19,"column":24}},"19":{"start":{"line":20,"column":0},"end":{"line":20,"column":7}},"20":{"start":{"line":21,"column":0},"end":{"line":21,"column":7}},"21":{"start":{"line":22,"column":0},"end":{"line":22,"column":1}}},"s":{"0":0,"5":0,"6":0,"7":0,"8":0,"9":0,"10":0,"11":0,"12":0,"13":0,"14":0,"15":0,"16":0,"17":0,"18":0,"19":0,"20":0,"21":0},"branchMap":{"0":{"type":"branch","line":1,"loc":{"start":{"line":1,"column":897},"end":{"line":22,"column":1}},"locations":[{"start":{"line":1,"column":897},"end":{"line":22,"column":1}}]}},"b":{"0":[0]},"fnMap":{"0":{"name":"(empty-report)","decl":{"start":{"line":1,"column":897},"end":{"line":22,"column":1}},"loc":{"start":{"line":1,"column":897},"end":{"line":22,"column":1}},"line":1}},"f":{"0":0}}
,"/Users/felipe_gonzalez/Developer/plan_dope/src/commands/validate.ts": {"path":"/Users/felipe_gonzalez/Developer/plan_dope/src/commands/validate.ts","all":true,"statementMap":{"0":{"start":{"line":1,"column":0},"end":{"line":1,"column":36}},"5":{"start":{"line":6,"column":0},"end":{"line":6,"column":57}},"6":{"start":{"line":7,"column":0},"end":{"line":7,"column":9}},"7":{"start":{"line":8,"column":0},"end":{"line":8,"column":24}},"8":{"start":{"line":9,"column":0},"end":{"line":9,"column":71}},"9":{"start":{"line":10,"column":0},"end":{"line":10,"column":63}},"10":{"start":{"line":11,"column":0},"end":{"line":11,"column":59}},"11":{"start":{"line":12,"column":0},"end":{"line":12,"column":67}},"12":{"start":{"line":13,"column":0},"end":{"line":13,"column":11}},"13":{"start":{"line":14,"column":0},"end":{"line":14,"column":61}},"14":{"start":{"line":15,"column":0},"end":{"line":15,"column":72}},"15":{"start":{"line":16,"column":0},"end":{"line":16,"column":60}},"16":{"start":{"line":17,"column":0},"end":{"line":17,"column":23}},"17":{"start":{"line":18,"column":0},"end":{"line":18,"column":90}},"18":{"start":{"line":19,"column":0},"end":{"line":19,"column":24}},"19":{"start":{"line":20,"column":0},"end":{"line":20,"column":7}},"20":{"start":{"line":21,"column":0},"end":{"line":21,"column":7}},"21":{"start":{"line":22,"column":0},"end":{"line":22,"column":1}}},"s":{"0":0,"5":0,"6":0,"7":0,"8":0,"9":0,"10":0,"11":0,"12":0,"13":0,"14":0,"15":0,"16":0,"17":0,"18":0,"19":0,"20":0,"21":0},"branchMap":{"0":{"type":"branch","line":1,"loc":{"start":{"line":1,"column":922},"end":{"line":22,"column":1}},"locations":[{"start":{"line":1,"column":922},"end":{"line":22,"column":1}}]}},"b":{"0":[0]},"fnMap":{"0":{"name":"(empty-report)","decl":{"start":{"line":1,"column":922},"end":{"line":22,"column":1}},"loc":{"start":{"line":1,"column":922},"end":{"line":22,"column":1}},"line":1}},"f":{"0":0}}
,"/Users/felipe_gonzalez/Developer/plan_dope/src/commands/wizard.ts": {"path":"/Users/felipe_gonzalez/Developer/plan_dope/src/commands/wizard.ts","all":true,"statementMap":{"0":{"start":{"line":1,"column":0},"end":{"line":1,"column":36}},"10":{"start":{"line":11,"column":0},"end":{"line":11,"column":86}},"12":{"start":{"line":13,"column":0},"end":{"line":13,"column":49}},"13":{"start":{"line":14,"column":0},"end":{"line":14,"column":66}},"14":{"start":{"line":15,"column":0},"end":{"line":15,"column":1}},"16":{"start":{"line":17,"column":0},"end":{"line":17,"column":55}},"17":{"start":{"line":18,"column":0},"end":{"line":18,"column":9}},"18":{"start":{"line":19,"column":0},"end":{"line":19,"column":22}},"19":{"start":{"line":20,"column":0},"end":{"line":20,"column":95}},"20":{"start":{"line":21,"column":0},"end":{"line":21,"column":63}},"21":{"start":{"line":22,"column":0},"end":{"line":22,"column":45}},"22":{"start":{"line":23,"column":0},"end":{"line":23,"column":11}},"23":{"start":{"line":24,"column":0},"end":{"line":24,"column":61}},"25":{"start":{"line":26,"column":0},"end":{"line":26,"column":67}},"26":{"start":{"line":27,"column":0},"end":{"line":27,"column":65}},"27":{"start":{"line":28,"column":0},"end":{"line":28,"column":69}},"30":{"start":{"line":31,"column":0},"end":{"line":31,"column":48}},"31":{"start":{"line":32,"column":0},"end":{"line":32,"column":76}},"32":{"start":{"line":33,"column":0},"end":{"line":33,"column":76}},"33":{"start":{"line":34,"column":0},"end":{"line":34,"column":54}},"36":{"start":{"line":37,"column":0},"end":{"line":37,"column":52}},"37":{"start":{"line":38,"column":0},"end":{"line":38,"column":76}},"38":{"start":{"line":39,"column":0},"end":{"line":39,"column":56}},"41":{"start":{"line":42,"column":0},"end":{"line":42,"column":52}},"42":{"start":{"line":43,"column":0},"end":{"line":43,"column":80}},"43":{"start":{"line":44,"column":0},"end":{"line":44,"column":66}},"46":{"start":{"line":47,"column":0},"end":{"line":47,"column":50}},"47":{"start":{"line":48,"column":0},"end":{"line":48,"column":78}},"48":{"start":{"line":49,"column":0},"end":{"line":49,"column":62}},"51":{"start":{"line":52,"column":0},"end":{"line":52,"column":62}},"52":{"start":{"line":53,"column":0},"end":{"line":53,"column":99}},"53":{"start":{"line":54,"column":0},"end":{"line":54,"column":75}},"54":{"start":{"line":55,"column":0},"end":{"line":55,"column":96}},"55":{"start":{"line":56,"column":0},"end":{"line":56,"column":66}},"57":{"start":{"line":58,"column":0},"end":{"line":58,"column":67}},"58":{"start":{"line":59,"column":0},"end":{"line":59,"column":58}},"59":{"start":{"line":60,"column":0},"end":{"line":60,"column":67}},"61":{"start":{"line":62,"column":0},"end":{"line":62,"column":19}},"62":{"start":{"line":63,"column":0},"end":{"line":63,"column":23}},"63":{"start":{"line":64,"column":0},"end":{"line":64,"column":90}},"64":{"start":{"line":65,"column":0},"end":{"line":65,"column":19}},"65":{"start":{"line":66,"column":0},"end":{"line":66,"column":24}},"66":{"start":{"line":67,"column":0},"end":{"line":67,"column":7}},"67":{"start":{"line":68,"column":0},"end":{"line":68,"column":7}},"68":{"start":{"line":69,"column":0},"end":{"line":69,"column":1}}},"s":{"0":0,"10":0,"12":0,"13":0,"14":0,"16":0,"17":0,"18":0,"19":0,"20":0,"21":0,"22":0,"23":0,"25":0,"26":0,"27":0,"30":0,"31":0,"32":0,"33":0,"36":0,"37":0,"38":0,"41":0,"42":0,"43":0,"46":0,"47":0,"48":0,"51":0,"52":0,"53":0,"54":0,"55":0,"57":0,"58":0,"59":0,"61":0,"62":0,"63":0,"64":0,"65":0,"66":0,"67":0,"68":0},"branchMap":{"0":{"type":"branch","line":1,"loc":{"start":{"line":1,"column":0},"end":{"line":69,"column":-136}},"locations":[{"start":{"line":1,"column":0},"end":{"line":69,"column":-136}}]}},"b":{"0":[0]},"fnMap":{"0":{"name":"(empty-report)","decl":{"start":{"line":1,"column":0},"end":{"line":69,"column":-136}},"loc":{"start":{"line":1,"column":0},"end":{"line":69,"column":-136}},"line":1}},"f":{"0":0}}
,"/Users/felipe_gonzalez/Developer/plan_dope/src/core/checkpoint.ts": {"path":"/Users/felipe_gonzalez/Developer/plan_dope/src/core/checkpoint.ts","all":false,"statementMap":{"0":{"start":{"line":1,"column":0},"end":{"line":1,"column":72}},"7":{"start":{"line":8,"column":0},"end":{"line":8,"column":39}},"8":{"start":{"line":9,"column":0},"end":{"line":9,"column":22}},"9":{"start":{"line":10,"column":0},"end":{"line":10,"column":29}},"10":{"start":{"line":11,"column":0},"end":{"line":11,"column":23}},"11":{"start":{"line":12,"column":0},"end":{"line":12,"column":20}},"12":{"start":{"line":13,"column":0},"end":{"line":13,"column":45}},"13":{"start":{"line":14,"column":0},"end":{"line":14,"column":46}},"16":{"start":{"line":17,"column":0},"end":{"line":17,"column":35}},"17":{"start":{"line":18,"column":0},"end":{"line":18,"column":35}},"18":{"start":{"line":19,"column":0},"end":{"line":19,"column":103}},"19":{"start":{"line":20,"column":0},"end":{"line":20,"column":3}},"21":{"start":{"line":22,"column":0},"end":{"line":22,"column":44}},"22":{"start":{"line":23,"column":0},"end":{"line":23,"column":55}},"24":{"start":{"line":25,"column":0},"end":{"line":25,"column":66}},"25":{"start":{"line":26,"column":0},"end":{"line":26,"column":77}},"27":{"start":{"line":28,"column":0},"end":{"line":28,"column":54}},"28":{"start":{"line":29,"column":0},"end":{"line":29,"column":58}},"31":{"start":{"line":32,"column":0},"end":{"line":32,"column":29}},"32":{"start":{"line":33,"column":0},"end":{"line":33,"column":51}},"33":{"start":{"line":34,"column":0},"end":{"line":34,"column":71}},"34":{"start":{"line":35,"column":0},"end":{"line":35,"column":55}},"36":{"start":{"line":37,"column":0},"end":{"line":37,"column":71}},"37":{"start":{"line":38,"column":0},"end":{"line":38,"column":35}},"38":{"start":{"line":39,"column":0},"end":{"line":39,"column":50}},"39":{"start":{"line":40,"column":0},"end":{"line":40,"column":3}},"41":{"start":{"line":42,"column":0},"end":{"line":42,"column":61}},"43":{"start":{"line":44,"column":0},"end":{"line":44,"column":63}},"44":{"start":{"line":45,"column":0},"end":{"line":45,"column":36}},"45":{"start":{"line":46,"column":0},"end":{"line":46,"column":37}},"46":{"start":{"line":47,"column":0},"end":{"line":47,"column":109}},"48":{"start":{"line":49,"column":0},"end":{"line":49,"column":43}},"49":{"start":{"line":50,"column":0},"end":{"line":50,"column":14}},"52":{"start":{"line":53,"column":0},"end":{"line":53,"column":9}},"55":{"start":{"line":56,"column":0},"end":{"line":56,"column":14}},"58":{"start":{"line":59,"column":0},"end":{"line":59,"column":49}},"61":{"start":{"line":62,"column":0},"end":{"line":62,"column":82}},"64":{"start":{"line":65,"column":0},"end":{"line":65,"column":84}},"67":{"start":{"line":68,"column":0},"end":{"line":68,"column":18}},"73":{"start":{"line":74,"column":0},"end":{"line":74,"column":55}},"76":{"start":{"line":77,"column":0},"end":{"line":77,"column":40}},"78":{"start":{"line":79,"column":0},"end":{"line":79,"column":24}},"79":{"start":{"line":80,"column":0},"end":{"line":80,"column":1}}},"s":{"0":1,"7":4,"8":4,"9":4,"10":4,"11":4,"12":4,"13":4,"16":4,"17":4,"18":1,"19":1,"21":3,"22":3,"24":4,"25":4,"27":3,"28":3,"31":3,"32":3,"33":3,"34":3,"36":3,"37":3,"38":3,"39":3,"41":3,"43":3,"44":3,"45":3,"46":3,"48":3,"49":3,"52":3,"55":3,"58":3,"61":4,"64":4,"67":4,"73":4,"76":4,"78":4,"79":4},"branchMap":{"0":{"type":"branch","line":8,"loc":{"start":{"line":8,"column":0},"end":{"line":80,"column":1}},"locations":[{"start":{"line":8,"column":0},"end":{"line":80,"column":1}}]},"1":{"type":"branch","line":18,"loc":{"start":{"line":18,"column":34},"end":{"line":20,"column":3}},"locations":[{"start":{"line":18,"column":34},"end":{"line":20,"column":3}}]},"2":{"type":"branch","line":20,"loc":{"start":{"line":20,"column":2},"end":{"line":25,"column":35}},"locations":[{"start":{"line":20,"column":2},"end":{"line":25,"column":35}}]},"3":{"type":"branch","line":25,"loc":{"start":{"line":25,"column":29},"end":{"line":25,"column":66}},"locations":[{"start":{"line":25,"column":29},"end":{"line":25,"column":66}}]},"4":{"type":"branch","line":25,"loc":{"start":{"line":25,"column":64},"end":{"line":26,"column":37}},"locations":[{"start":{"line":25,"column":64},"end":{"line":26,"column":37}}]},"5":{"type":"branch","line":26,"loc":{"start":{"line":26,"column":31},"end":{"line":26,"column":77}},"locations":[{"start":{"line":26,"column":31},"end":{"line":26,"column":77}}]},"6":{"type":"branch","line":26,"loc":{"start":{"line":26,"column":75},"end":{"line":62,"column":28}},"locations":[{"start":{"line":26,"column":75},"end":{"line":62,"column":28}}]},"7":{"type":"branch","line":62,"loc":{"start":{"line":62,"column":24},"end":{"line":62,"column":75}},"locations":[{"start":{"line":62,"column":24},"end":{"line":62,"column":75}}]},"8":{"type":"branch","line":62,"loc":{"start":{"line":62,"column":71},"end":{"line":62,"column":81}},"locations":[{"start":{"line":62,"column":71},"end":{"line":62,"column":81}}]},"9":{"type":"branch","line":65,"loc":{"start":{"line":65,"column":25},"end":{"line":65,"column":77}},"locations":[{"start":{"line":65,"column":25},"end":{"line":65,"column":77}}]},"10":{"type":"branch","line":65,"loc":{"start":{"line":65,"column":73},"end":{"line":65,"column":83}},"locations":[{"start":{"line":65,"column":73},"end":{"line":65,"column":83}}]},"11":{"type":"branch","line":59,"loc":{"start":{"line":59,"column":21},"end":{"line":59,"column":36}},"locations":[{"start":{"line":59,"column":21},"end":{"line":59,"column":36}}]}},"b":{"0":[4],"1":[1],"2":[3],"3":[0],"4":[3],"5":[0],"6":[3],"7":[0],"8":[3],"9":[0],"10":[3],"11":[9]},"fnMap":{"0":{"name":"createCheckpoint","decl":{"start":{"line":8,"column":0},"end":{"line":80,"column":1}},"loc":{"start":{"line":8,"column":0},"end":{"line":80,"column":1}},"line":8}},"f":{"0":4}}
,"/Users/felipe_gonzalez/Developer/plan_dope/src/core/create.ts": {"path":"/Users/felipe_gonzalez/Developer/plan_dope/src/core/create.ts","all":false,"statementMap":{"0":{"start":{"line":1,"column":0},"end":{"line":1,"column":58}},"5":{"start":{"line":6,"column":0},"end":{"line":6,"column":52}},"34":{"start":{"line":35,"column":0},"end":{"line":35,"column":38}},"35":{"start":{"line":36,"column":0},"end":{"line":36,"column":44}},"36":{"start":{"line":37,"column":0},"end":{"line":37,"column":60}},"37":{"start":{"line":38,"column":0},"end":{"line":38,"column":39}},"38":{"start":{"line":39,"column":0},"end":{"line":39,"column":1}},"40":{"start":{"line":41,"column":0},"end":{"line":41,"column":31}},"41":{"start":{"line":42,"column":0},"end":{"line":42,"column":34}},"42":{"start":{"line":43,"column":0},"end":{"line":43,"column":1}},"44":{"start":{"line":45,"column":0},"end":{"line":45,"column":89}},"45":{"start":{"line":46,"column":0},"end":{"line":46,"column":36}},"46":{"start":{"line":47,"column":0},"end":{"line":47,"column":46}},"48":{"start":{"line":49,"column":0},"end":{"line":49,"column":29}},"49":{"start":{"line":50,"column":0},"end":{"line":50,"column":44}},"50":{"start":{"line":51,"column":0},"end":{"line":51,"column":3}},"52":{"start":{"line":53,"column":0},"end":{"line":53,"column":44}},"54":{"start":{"line":55,"column":0},"end":{"line":55,"column":29}},"55":{"start":{"line":56,"column":0},"end":{"line":56,"column":66}},"56":{"start":{"line":57,"column":0},"end":{"line":57,"column":3}},"58":{"start":{"line":59,"column":0},"end":{"line":59,"column":54}},"61":{"start":{"line":62,"column":0},"end":{"line":62,"column":49}},"62":{"start":{"line":63,"column":0},"end":{"line":63,"column":43}},"63":{"start":{"line":64,"column":0},"end":{"line":64,"column":16}},"64":{"start":{"line":65,"column":0},"end":{"line":65,"column":32}},"65":{"start":{"line":66,"column":0},"end":{"line":66,"column":22}},"66":{"start":{"line":67,"column":0},"end":{"line":67,"column":22}},"67":{"start":{"line":68,"column":0},"end":{"line":68,"column":24}},"69":{"start":{"line":70,"column":0},"end":{"line":70,"column":18}},"70":{"start":{"line":71,"column":0},"end":{"line":71,"column":1}}},"s":{"0":1,"5":1,"34":1,"35":1,"36":1,"37":1,"38":1,"40":1,"41":96,"42":96,"44":21,"45":21,"46":21,"48":21,"49":20,"50":20,"52":21,"54":21,"55":1,"56":1,"58":20,"61":20,"62":20,"63":20,"64":20,"65":20,"66":20,"67":20,"69":20,"70":20},"branchMap":{"0":{"type":"branch","line":6,"loc":{"start":{"line":6,"column":22},"end":{"line":6,"column":52}},"locations":[{"start":{"line":6,"column":22},"end":{"line":6,"column":52}}]},"1":{"type":"branch","line":35,"loc":{"start":{"line":35,"column":7},"end":{"line":39,"column":1}},"locations":[{"start":{"line":35,"column":7},"end":{"line":39,"column":1}}]},"2":{"type":"branch","line":41,"loc":{"start":{"line":41,"column":7},"end":{"line":43,"column":1}},"locations":[{"start":{"line":41,"column":7},"end":{"line":43,"column":1}}]},"3":{"type":"branch","line":45,"loc":{"start":{"line":45,"column":0},"end":{"line":71,"column":1}},"locations":[{"start":{"line":45,"column":0},"end":{"line":71,"column":1}}]},"4":{"type":"branch","line":46,"loc":{"start":{"line":46,"column":13},"end":{"line":46,"column":36}},"locations":[{"start":{"line":46,"column":13},"end":{"line":46,"column":36}}]},"5":{"type":"branch","line":49,"loc":{"start":{"line":49,"column":28},"end":{"line":51,"column":3}},"locations":[{"start":{"line":49,"column":28},"end":{"line":51,"column":3}}]},"6":{"type":"branch","line":55,"loc":{"start":{"line":55,"column":28},"end":{"line":57,"column":3}},"locations":[{"start":{"line":55,"column":28},"end":{"line":57,"column":3}}]},"7":{"type":"branch","line":57,"loc":{"start":{"line":57,"column":2},"end":{"line":71,"column":1}},"locations":[{"start":{"line":57,"column":2},"end":{"line":71,"column":1}}]}},"b":{"0":[20],"1":[1],"2":[96],"3":[21],"4":[1],"5":[20],"6":[1],"7":[20]},"fnMap":{"0":{"name":"PLAN_TEMPLATE","decl":{"start":{"line":6,"column":22},"end":{"line":6,"column":52}},"loc":{"start":{"line":6,"column":22},"end":{"line":6,"column":52}},"line":6},"1":{"name":"generateId","decl":{"start":{"line":35,"column":7},"end":{"line":39,"column":1}},"loc":{"start":{"line":35,"column":7},"end":{"line":39,"column":1}},"line":35},"2":{"name":"now","decl":{"start":{"line":41,"column":7},"end":{"line":43,"column":1}},"loc":{"start":{"line":41,"column":7},"end":{"line":43,"column":1}},"line":41},"3":{"name":"createPlan","decl":{"start":{"line":45,"column":0},"end":{"line":71,"column":1}},"loc":{"start":{"line":45,"column":0},"end":{"line":71,"column":1}},"line":45}},"f":{"0":20,"1":1,"2":96,"3":21}}
,"/Users/felipe_gonzalez/Developer/plan_dope/src/core/derive.ts": {"path":"/Users/felipe_gonzalez/Developer/plan_dope/src/core/derive.ts","all":false,"statementMap":{"0":{"start":{"line":1,"column":0},"end":{"line":1,"column":61}},"8":{"start":{"line":9,"column":0},"end":{"line":9,"column":54}},"9":{"start":{"line":10,"column":0},"end":{"line":10,"column":77}},"10":{"start":{"line":11,"column":0},"end":{"line":11,"column":1}},"12":{"start":{"line":13,"column":0},"end":{"line":13,"column":57}},"13":{"start":{"line":14,"column":0},"end":{"line":14,"column":36}},"15":{"start":{"line":16,"column":0},"end":{"line":16,"column":66}},"16":{"start":{"line":17,"column":0},"end":{"line":17,"column":38}},"17":{"start":{"line":18,"column":0},"end":{"line":18,"column":36}},"18":{"start":{"line":19,"column":0},"end":{"line":19,"column":72}},"20":{"start":{"line":21,"column":0},"end":{"line":21,"column":68}},"21":{"start":{"line":22,"column":0},"end":{"line":22,"column":1}},"23":{"start":{"line":24,"column":0},"end":{"line":24,"column":74}},"24":{"start":{"line":25,"column":0},"end":{"line":25,"column":68}},"25":{"start":{"line":26,"column":0},"end":{"line":26,"column":30}},"27":{"start":{"line":28,"column":0},"end":{"line":28,"column":36}},"28":{"start":{"line":29,"column":0},"end":{"line":29,"column":48}},"29":{"start":{"line":30,"column":0},"end":{"line":30,"column":42}},"30":{"start":{"line":31,"column":0},"end":{"line":31,"column":36}},"31":{"start":{"line":32,"column":0},"end":{"line":32,"column":49}},"32":{"start":{"line":33,"column":0},"end":{"line":33,"column":33}},"33":{"start":{"line":34,"column":0},"end":{"line":34,"column":5}},"34":{"start":{"line":35,"column":0},"end":{"line":35,"column":3}},"35":{"start":{"line":36,"column":0},"end":{"line":36,"column":40}},"36":{"start":{"line":37,"column":0},"end":{"line":37,"column":1}},"38":{"start":{"line":39,"column":0},"end":{"line":39,"column":87}},"39":{"start":{"line":40,"column":0},"end":{"line":40,"column":66}},"40":{"start":{"line":41,"column":0},"end":{"line":41,"column":23}},"42":{"start":{"line":43,"column":0},"end":{"line":43,"column":29}},"43":{"start":{"line":44,"column":0},"end":{"line":44,"column":39}},"44":{"start":{"line":45,"column":0},"end":{"line":45,"column":22}},"45":{"start":{"line":46,"column":0},"end":{"line":46,"column":15}},"46":{"start":{"line":47,"column":0},"end":{"line":47,"column":5}},"47":{"start":{"line":48,"column":0},"end":{"line":48,"column":19}},"48":{"start":{"line":49,"column":0},"end":{"line":49,"column":40}},"49":{"start":{"line":50,"column":0},"end":{"line":50,"column":36}},"50":{"start":{"line":51,"column":0},"end":{"line":51,"column":53}},"51":{"start":{"line":52,"column":0},"end":{"line":52,"column":47}},"52":{"start":{"line":53,"column":0},"end":{"line":53,"column":87}},"53":{"start":{"line":54,"column":0},"end":{"line":54,"column":67}},"54":{"start":{"line":55,"column":0},"end":{"line":55,"column":7}},"55":{"start":{"line":56,"column":0},"end":{"line":56,"column":5}},"56":{"start":{"line":57,"column":0},"end":{"line":57,"column":3}},"58":{"start":{"line":59,"column":0},"end":{"line":59,"column":74}},"59":{"start":{"line":60,"column":0},"end":{"line":60,"column":1}},"61":{"start":{"line":62,"column":0},"end":{"line":62,"column":109}},"62":{"start":{"line":63,"column":0},"end":{"line":63,"column":88}},"63":{"start":{"line":64,"column":0},"end":{"line":64,"column":22}},"65":{"start":{"line":66,"column":0},"end":{"line":66,"column":29}},"66":{"start":{"line":67,"column":0},"end":{"line":67,"column":38}},"67":{"start":{"line":68,"column":0},"end":{"line":68,"column":21}},"68":{"start":{"line":69,"column":0},"end":{"line":69,"column":15}},"69":{"start":{"line":70,"column":0},"end":{"line":70,"column":5}},"70":{"start":{"line":71,"column":0},"end":{"line":71,"column":18}},"71":{"start":{"line":72,"column":0},"end":{"line":72,"column":40}},"72":{"start":{"line":73,"column":0},"end":{"line":73,"column":34}},"73":{"start":{"line":74,"column":0},"end":{"line":74,"column":68}},"74":{"start":{"line":75,"column":0},"end":{"line":75,"column":78}},"75":{"start":{"line":76,"column":0},"end":{"line":76,"column":7}},"76":{"start":{"line":77,"column":0},"end":{"line":77,"column":5}},"77":{"start":{"line":78,"column":0},"end":{"line":78,"column":3}},"79":{"start":{"line":80,"column":0},"end":{"line":80,"column":15}},"80":{"start":{"line":81,"column":0},"end":{"line":81,"column":1}},"82":{"start":{"line":83,"column":0},"end":{"line":83,"column":66}},"83":{"start":{"line":84,"column":0},"end":{"line":84,"column":29}},"84":{"start":{"line":85,"column":0},"end":{"line":85,"column":24}},"86":{"start":{"line":87,"column":0},"end":{"line":87,"column":29}},"87":{"start":{"line":88,"column":0},"end":{"line":88,"column":43}},"88":{"start":{"line":89,"column":0},"end":{"line":89,"column":23}},"89":{"start":{"line":90,"column":0},"end":{"line":90,"column":15}},"90":{"start":{"line":91,"column":0},"end":{"line":91,"column":5}},"91":{"start":{"line":92,"column":0},"end":{"line":92,"column":20}},"92":{"start":{"line":93,"column":0},"end":{"line":93,"column":40}},"93":{"start":{"line":94,"column":0},"end":{"line":94,"column":34}},"94":{"start":{"line":95,"column":0},"end":{"line":95,"column":68}},"95":{"start":{"line":96,"column":0},"end":{"line":96,"column":41}},"96":{"start":{"line":97,"column":0},"end":{"line":97,"column":7}},"97":{"start":{"line":98,"column":0},"end":{"line":98,"column":5}},"98":{"start":{"line":99,"column":0},"end":{"line":99,"column":3}},"100":{"start":{"line":101,"column":0},"end":{"line":101,"column":15}},"101":{"start":{"line":102,"column":0},"end":{"line":102,"column":1}},"103":{"start":{"line":104,"column":0},"end":{"line":104,"column":89}},"104":{"start":{"line":105,"column":0},"end":{"line":105,"column":45}},"105":{"start":{"line":106,"column":0},"end":{"line":106,"column":46}},"106":{"start":{"line":107,"column":0},"end":{"line":107,"column":44}},"108":{"start":{"line":109,"column":0},"end":{"line":109,"column":30}},"109":{"start":{"line":110,"column":0},"end":{"line":110,"column":58}},"110":{"start":{"line":111,"column":0},"end":{"line":111,"column":3}},"112":{"start":{"line":113,"column":0},"end":{"line":113,"column":50}},"113":{"start":{"line":114,"column":0},"end":{"line":114,"column":34}},"114":{"start":{"line":115,"column":0},"end":{"line":115,"column":48}},"116":{"start":{"line":117,"column":0},"end":{"line":117,"column":23}},"117":{"start":{"line":118,"column":0},"end":{"line":118,"column":28}},"118":{"start":{"line":119,"column":0},"end":{"line":119,"column":29}},"119":{"start":{"line":120,"column":0},"end":{"line":120,"column":30}},"120":{"start":{"line":121,"column":0},"end":{"line":121,"column":22}},"121":{"start":{"line":122,"column":0},"end":{"line":122,"column":24}},"122":{"start":{"line":123,"column":0},"end":{"line":123,"column":26}},"123":{"start":{"line":124,"column":0},"end":{"line":124,"column":24}},"124":{"start":{"line":125,"column":0},"end":{"line":125,"column":52}},"125":{"start":{"line":126,"column":0},"end":{"line":126,"column":4}},"127":{"start":{"line":128,"column":0},"end":{"line":128,"column":46}},"128":{"start":{"line":129,"column":0},"end":{"line":129,"column":59}},"130":{"start":{"line":131,"column":0},"end":{"line":131,"column":34}},"132":{"start":{"line":133,"column":0},"end":{"line":133,"column":18}},"133":{"start":{"line":134,"column":0},"end":{"line":134,"column":1}}},"s":{"0":1,"8":1,"9":25,"10":25,"12":11,"13":11,"15":11,"16":11,"17":11,"18":11,"20":11,"21":11,"23":11,"24":11,"25":11,"27":11,"28":11,"29":44,"30":33,"31":44,"32":0,"33":0,"34":44,"35":11,"36":11,"38":11,"39":11,"40":11,"42":11,"43":187,"44":11,"45":11,"46":11,"47":187,"48":66,"49":66,"50":11,"51":11,"52":66,"53":0,"54":0,"55":66,"56":187,"58":11,"59":11,"61":11,"62":11,"63":11,"65":11,"66":231,"67":11,"68":11,"69":11,"70":231,"71":44,"72":33,"73":44,"74":0,"75":0,"76":44,"77":231,"79":11,"80":11,"82":11,"83":11,"84":11,"86":11,"87":275,"88":11,"89":11,"90":11,"91":275,"92":44,"93":33,"94":44,"95":0,"96":0,"97":44,"98":275,"100":11,"101":11,"103":12,"104":12,"105":12,"106":12,"108":12,"109":0,"110":0,"112":11,"113":11,"114":11,"116":11,"117":11,"118":11,"119":11,"120":11,"121":11,"122":11,"123":11,"124":11,"125":11,"127":11,"128":11,"130":11,"132":11,"133":11},"branchMap":{"0":{"type":"branch","line":9,"loc":{"start":{"line":9,"column":7},"end":{"line":11,"column":1}},"locations":[{"start":{"line":9,"column":7},"end":{"line":11,"column":1}}]},"1":{"type":"branch","line":13,"loc":{"start":{"line":13,"column":0},"end":{"line":22,"column":1}},"locations":[{"start":{"line":13,"column":0},"end":{"line":22,"column":1}}]},"2":{"type":"branch","line":24,"loc":{"start":{"line":24,"column":0},"end":{"line":37,"column":1}},"locations":[{"start":{"line":24,"column":0},"end":{"line":37,"column":1}}]},"3":{"type":"branch","line":26,"loc":{"start":{"line":26,"column":18},"end":{"line":26,"column":30}},"locations":[{"start":{"line":26,"column":18},"end":{"line":26,"column":30}}]},"4":{"type":"branch","line":29,"loc":{"start":{"line":29,"column":47},"end":{"line":35,"column":3}},"locations":[{"start":{"line":29,"column":47},"end":{"line":35,"column":3}}]},"5":{"type":"branch","line":30,"loc":{"start":{"line":30,"column":36},"end":{"line":30,"column":42}},"locations":[{"start":{"line":30,"column":36},"end":{"line":30,"column":42}}]},"6":{"type":"branch","line":30,"loc":{"start":{"line":30,"column":36},"end":{"line":32,"column":19}},"locations":[{"start":{"line":30,"column":36},"end":{"line":32,"column":19}}]},"7":{"type":"branch","line":32,"loc":{"start":{"line":32,"column":8},"end":{"line":32,"column":48}},"locations":[{"start":{"line":32,"column":8},"end":{"line":32,"column":48}}]},"8":{"type":"branch","line":32,"loc":{"start":{"line":32,"column":48},"end":{"line":34,"column":5}},"locations":[{"start":{"line":32,"column":48},"end":{"line":34,"column":5}}]},"9":{"type":"branch","line":25,"loc":{"start":{"line":25,"column":30},"end":{"line":25,"column":66}},"locations":[{"start":{"line":25,"column":30},"end":{"line":25,"column":66}}]},"10":{"type":"branch","line":39,"loc":{"start":{"line":39,"column":0},"end":{"line":60,"column":1}},"locations":[{"start":{"line":39,"column":0},"end":{"line":60,"column":1}}]},"11":{"type":"branch","line":43,"loc":{"start":{"line":43,"column":28},"end":{"line":57,"column":3}},"locations":[{"start":{"line":43,"column":28},"end":{"line":57,"column":3}}]},"12":{"type":"branch","line":44,"loc":{"start":{"line":44,"column":38},"end":{"line":47,"column":5}},"locations":[{"start":{"line":44,"column":38},"end":{"line":47,"column":5}}]},"13":{"type":"branch","line":47,"loc":{"start":{"line":47,"column":4},"end":{"line":48,"column":18}},"locations":[{"start":{"line":47,"column":4},"end":{"line":48,"column":18}}]},"14":{"type":"branch","line":48,"loc":{"start":{"line":48,"column":18},"end":{"line":56,"column":5}},"locations":[{"start":{"line":48,"column":18},"end":{"line":56,"column":5}}]},"15":{"type":"branch","line":49,"loc":{"start":{"line":49,"column":34},"end":{"line":49,"column":40}},"locations":[{"start":{"line":49,"column":34},"end":{"line":49,"column":40}}]},"16":{"type":"branch","line":49,"loc":{"start":{"line":49,"column":34},"end":{"line":50,"column":35}},"locations":[{"start":{"line":49,"column":34},"end":{"line":50,"column":35}}]},"17":{"type":"branch","line":50,"loc":{"start":{"line":50,"column":35},"end":{"line":53,"column":17}},"locations":[{"start":{"line":50,"column":35},"end":{"line":53,"column":17}}]},"18":{"type":"branch","line":53,"loc":{"start":{"line":53,"column":6},"end":{"line":55,"column":7}},"locations":[{"start":{"line":53,"column":6},"end":{"line":55,"column":7}}]},"19":{"type":"branch","line":53,"loc":{"start":{"line":53,"column":33},"end":{"line":53,"column":53}},"locations":[{"start":{"line":53,"column":33},"end":{"line":53,"column":53}}]},"20":{"type":"branch","line":53,"loc":{"start":{"line":53,"column":48},"end":{"line":53,"column":86}},"locations":[{"start":{"line":53,"column":48},"end":{"line":53,"column":86}}]},"21":{"type":"branch","line":53,"loc":{"start":{"line":53,"column":86},"end":{"line":55,"column":7}},"locations":[{"start":{"line":53,"column":86},"end":{"line":55,"column":7}}]},"22":{"type":"branch","line":59,"loc":{"start":{"line":59,"column":20},"end":{"line":59,"column":72}},"locations":[{"start":{"line":59,"column":20},"end":{"line":59,"column":72}}]},"23":{"type":"branch","line":62,"loc":{"start":{"line":62,"column":0},"end":{"line":81,"column":1}},"locations":[{"start":{"line":62,"column":0},"end":{"line":81,"column":1}}]},"24":{"type":"branch","line":66,"loc":{"start":{"line":66,"column":28},"end":{"line":78,"column":3}},"locations":[{"start":{"line":66,"column":28},"end":{"line":78,"column":3}}]},"25":{"type":"branch","line":67,"loc":{"start":{"line":67,"column":37},"end":{"line":70,"column":5}},"locations":[{"start":{"line":67,"column":37},"end":{"line":70,"column":5}}]},"26":{"type":"branch","line":70,"loc":{"start":{"line":70,"column":4},"end":{"line":71,"column":17}},"locations":[{"start":{"line":70,"column":4},"end":{"line":71,"column":17}}]},"27":{"type":"branch","line":71,"loc":{"start":{"line":71,"column":17},"end":{"line":77,"column":5}},"locations":[{"start":{"line":71,"column":17},"end":{"line":77,"column":5}}]},"28":{"type":"branch","line":72,"loc":{"start":{"line":72,"column":34},"end":{"line":72,"column":40}},"locations":[{"start":{"line":72,"column":34},"end":{"line":72,"column":40}}]},"29":{"type":"branch","line":72,"loc":{"start":{"line":72,"column":34},"end":{"line":74,"column":38}},"locations":[{"start":{"line":72,"column":34},"end":{"line":74,"column":38}}]},"30":{"type":"branch","line":74,"loc":{"start":{"line":74,"column":33},"end":{"line":74,"column":67}},"locations":[{"start":{"line":74,"column":33},"end":{"line":74,"column":67}}]},"31":{"type":"branch","line":74,"loc":{"start":{"line":74,"column":67},"end":{"line":76,"column":7}},"locations":[{"start":{"line":74,"column":67},"end":{"line":76,"column":7}}]},"32":{"type":"branch","line":83,"loc":{"start":{"line":83,"column":0},"end":{"line":102,"column":1}},"locations":[{"start":{"line":83,"column":0},"end":{"line":102,"column":1}}]},"33":{"type":"branch","line":87,"loc":{"start":{"line":87,"column":28},"end":{"line":99,"column":3}},"locations":[{"start":{"line":87,"column":28},"end":{"line":99,"column":3}}]},"34":{"type":"branch","line":88,"loc":{"start":{"line":88,"column":42},"end":{"line":91,"column":5}},"locations":[{"start":{"line":88,"column":42},"end":{"line":91,"column":5}}]},"35":{"type":"branch","line":91,"loc":{"start":{"line":91,"column":4},"end":{"line":92,"column":19}},"locations":[{"start":{"line":91,"column":4},"end":{"line":92,"column":19}}]},"36":{"type":"branch","line":92,"loc":{"start":{"line":92,"column":19},"end":{"line":98,"column":5}},"locations":[{"start":{"line":92,"column":19},"end":{"line":98,"column":5}}]},"37":{"type":"branch","line":93,"loc":{"start":{"line":93,"column":34},"end":{"line":93,"column":40}},"locations":[{"start":{"line":93,"column":34},"end":{"line":93,"column":40}}]},"38":{"type":"branch","line":93,"loc":{"start":{"line":93,"column":34},"end":{"line":95,"column":38}},"locations":[{"start":{"line":93,"column":34},"end":{"line":95,"column":38}}]},"39":{"type":"branch","line":95,"loc":{"start":{"line":95,"column":33},"end":{"line":95,"column":67}},"locations":[{"start":{"line":95,"column":33},"end":{"line":95,"column":67}}]},"40":{"type":"branch","line":95,"loc":{"start":{"line":95,"column":67},"end":{"line":97,"column":7}},"locations":[{"start":{"line":95,"column":67},"end":{"line":97,"column":7}}]},"41":{"type":"branch","line":104,"loc":{"start":{"line":104,"column":0},"end":{"line":134,"column":1}},"locations":[{"start":{"line":104,"column":0},"end":{"line":134,"column":1}}]},"42":{"type":"branch","line":109,"loc":{"start":{"line":109,"column":29},"end":{"line":111,"column":3}},"locations":[{"start":{"line":109,"column":29},"end":{"line":111,"column":3}}]},"43":{"type":"branch","line":111,"loc":{"start":{"line":111,"column":2},"end":{"line":134,"column":1}},"locations":[{"start":{"line":111,"column":2},"end":{"line":134,"column":1}}]}},"b":{"0":[25],"1":[11],"2":[11],"3":[0],"4":[44],"5":[11],"6":[33],"7":[11],"8":[0],"9":[77],"10":[11],"11":[187],"12":[11],"13":[176],"14":[66],"15":[11],"16":[55],"17":[11],"18":[44],"19":[33],"20":[11],"21":[0],"22":[11],"23":[11],"24":[231],"25":[11],"26":[220],"27":[44],"28":[11],"29":[33],"30":[0],"31":[0],"32":[11],"33":[275],"34":[11],"35":[264],"36":[44],"37":[11],"38":[33],"39":[0],"40":[0],"41":[12],"42":[0],"43":[11]},"fnMap":{"0":{"name":"fingerprint","decl":{"start":{"line":9,"column":7},"end":{"line":11,"column":1}},"loc":{"start":{"line":9,"column":7},"end":{"line":11,"column":1}},"line":9},"1":{"name":"parsePlanMarkdown","decl":{"start":{"line":13,"column":0},"end":{"line":22,"column":1}},"loc":{"start":{"line":13,"column":0},"end":{"line":22,"column":1}},"line":13},"2":{"name":"extractSection","decl":{"start":{"line":24,"column":0},"end":{"line":37,"column":1}},"loc":{"start":{"line":24,"column":0},"end":{"line":37,"column":1}},"line":24},"3":{"name":"extractPhases","decl":{"start":{"line":39,"column":0},"end":{"line":60,"column":1}},"loc":{"start":{"line":39,"column":0},"end":{"line":60,"column":1}},"line":39},"4":{"name":"extractRisks","decl":{"start":{"line":62,"column":0},"end":{"line":81,"column":1}},"loc":{"start":{"line":62,"column":0},"end":{"line":81,"column":1}},"line":62},"5":{"name":"extractList","decl":{"start":{"line":83,"column":0},"end":{"line":102,"column":1}},"loc":{"start":{"line":83,"column":0},"end":{"line":102,"column":1}},"line":83},"6":{"name":"derivePlan","decl":{"start":{"line":104,"column":0},"end":{"line":134,"column":1}},"loc":{"start":{"line":104,"column":0},"end":{"line":134,"column":1}},"line":104}},"f":{"0":25,"1":11,"2":11,"3":11,"4":11,"5":11,"6":12}}
,"/Users/felipe_gonzalez/Developer/plan_dope/src/core/resolver.ts": {"path":"/Users/felipe_gonzalez/Developer/plan_dope/src/core/resolver.ts","all":false,"statementMap":{"0":{"start":{"line":1,"column":0},"end":{"line":1,"column":70}},"3":{"start":{"line":4,"column":0},"end":{"line":4,"column":66}},"4":{"start":{"line":5,"column":0},"end":{"line":5,"column":20}},"5":{"start":{"line":6,"column":0},"end":{"line":6,"column":48}},"6":{"start":{"line":7,"column":0},"end":{"line":7,"column":58}},"7":{"start":{"line":8,"column":0},"end":{"line":8,"column":20}},"9":{"start":{"line":10,"column":0},"end":{"line":10,"column":32}},"10":{"start":{"line":11,"column":0},"end":{"line":11,"column":66}},"11":{"start":{"line":12,"column":0},"end":{"line":12,"column":5}},"13":{"start":{"line":14,"column":0},"end":{"line":14,"column":20}},"14":{"start":{"line":15,"column":0},"end":{"line":15,"column":3}},"17":{"start":{"line":18,"column":0},"end":{"line":18,"column":28}},"18":{"start":{"line":19,"column":0},"end":{"line":19,"column":25}},"19":{"start":{"line":20,"column":0},"end":{"line":20,"column":64}},"20":{"start":{"line":21,"column":0},"end":{"line":21,"column":3}},"22":{"start":{"line":23,"column":0},"end":{"line":23,"column":13}},"23":{"start":{"line":24,"column":0},"end":{"line":24,"column":1}},"25":{"start":{"line":26,"column":0},"end":{"line":26,"column":73}},"26":{"start":{"line":27,"column":0},"end":{"line":27,"column":52}},"27":{"start":{"line":28,"column":0},"end":{"line":28,"column":1}},"29":{"start":{"line":30,"column":0},"end":{"line":30,"column":58}},"30":{"start":{"line":31,"column":0},"end":{"line":31,"column":44}},"31":{"start":{"line":32,"column":0},"end":{"line":32,"column":1}},"33":{"start":{"line":34,"column":0},"end":{"line":34,"column":74}},"34":{"start":{"line":35,"column":0},"end":{"line":35,"column":15}},"35":{"start":{"line":36,"column":0},"end":{"line":36,"column":48}},"36":{"start":{"line":37,"column":0},"end":{"line":37,"column":44}},"37":{"start":{"line":38,"column":0},"end":{"line":38,"column":62}},"38":{"start":{"line":39,"column":0},"end":{"line":39,"column":5}},"39":{"start":{"line":40,"column":0},"end":{"line":40,"column":18}},"40":{"start":{"line":41,"column":0},"end":{"line":41,"column":3}},"42":{"start":{"line":43,"column":0},"end":{"line":43,"column":44}},"43":{"start":{"line":44,"column":0},"end":{"line":44,"column":30}},"44":{"start":{"line":45,"column":0},"end":{"line":45,"column":64}},"45":{"start":{"line":46,"column":0},"end":{"line":46,"column":3}},"47":{"start":{"line":48,"column":0},"end":{"line":48,"column":50}},"48":{"start":{"line":49,"column":0},"end":{"line":49,"column":44}},"49":{"start":{"line":50,"column":0},"end":{"line":50,"column":4}},"51":{"start":{"line":52,"column":0},"end":{"line":52,"column":26}},"52":{"start":{"line":53,"column":0},"end":{"line":53,"column":64}},"53":{"start":{"line":54,"column":0},"end":{"line":54,"column":3}},"55":{"start":{"line":56,"column":0},"end":{"line":56,"column":28}},"56":{"start":{"line":57,"column":0},"end":{"line":57,"column":1}}},"s":{"0":1,"3":1,"4":3,"5":2,"6":0,"7":2,"9":2,"10":1,"11":1,"13":1,"14":1,"17":1,"18":3,"19":0,"20":0,"22":1,"23":1,"25":1,"26":92,"27":92,"29":1,"30":2,"31":2,"33":1,"34":36,"35":34,"36":34,"37":2,"38":2,"39":32,"40":32,"42":2,"43":36,"44":1,"45":1,"47":1,"48":2,"49":1,"51":36,"52":0,"53":0,"55":1,"56":1},"branchMap":{"0":{"type":"branch","line":4,"loc":{"start":{"line":4,"column":7},"end":{"line":24,"column":1}},"locations":[{"start":{"line":4,"column":7},"end":{"line":24,"column":1}}]},"1":{"type":"branch","line":5,"loc":{"start":{"line":5,"column":19},"end":{"line":15,"column":3}},"locations":[{"start":{"line":5,"column":19},"end":{"line":15,"column":3}}]},"2":{"type":"branch","line":6,"loc":{"start":{"line":6,"column":47},"end":{"line":7,"column":58}},"locations":[{"start":{"line":6,"column":47},"end":{"line":7,"column":58}}]},"3":{"type":"branch","line":10,"loc":{"start":{"line":10,"column":31},"end":{"line":15,"column":3}},"locations":[{"start":{"line":10,"column":31},"end":{"line":15,"column":3}}]},"4":{"type":"branch","line":15,"loc":{"start":{"line":15,"column":2},"end":{"line":19,"column":24}},"locations":[{"start":{"line":15,"column":2},"end":{"line":19,"column":24}}]},"5":{"type":"branch","line":19,"loc":{"start":{"line":19,"column":24},"end":{"line":21,"column":3}},"locations":[{"start":{"line":19,"column":24},"end":{"line":21,"column":3}}]},"6":{"type":"branch","line":21,"loc":{"start":{"line":21,"column":2},"end":{"line":24,"column":1}},"locations":[{"start":{"line":21,"column":2},"end":{"line":24,"column":1}}]},"7":{"type":"branch","line":26,"loc":{"start":{"line":26,"column":7},"end":{"line":28,"column":1}},"locations":[{"start":{"line":26,"column":7},"end":{"line":28,"column":1}}]},"8":{"type":"branch","line":30,"loc":{"start":{"line":30,"column":7},"end":{"line":32,"column":1}},"locations":[{"start":{"line":30,"column":7},"end":{"line":32,"column":1}}]},"9":{"type":"branch","line":34,"loc":{"start":{"line":34,"column":7},"end":{"line":57,"column":1}},"locations":[{"start":{"line":34,"column":7},"end":{"line":57,"column":1}}]},"10":{"type":"branch","line":35,"loc":{"start":{"line":35,"column":14},"end":{"line":41,"column":3}},"locations":[{"start":{"line":35,"column":14},"end":{"line":41,"column":3}}]},"11":{"type":"branch","line":37,"loc":{"start":{"line":37,"column":43},"end":{"line":39,"column":5}},"locations":[{"start":{"line":37,"column":43},"end":{"line":39,"column":5}}]},"12":{"type":"branch","line":39,"loc":{"start":{"line":39,"column":4},"end":{"line":41,"column":3}},"locations":[{"start":{"line":39,"column":4},"end":{"line":41,"column":3}}]},"13":{"type":"branch","line":41,"loc":{"start":{"line":41,"column":2},"end":{"line":44,"column":29}},"locations":[{"start":{"line":41,"column":2},"end":{"line":44,"column":29}}]},"14":{"type":"branch","line":44,"loc":{"start":{"line":44,"column":29},"end":{"line":52,"column":25}},"locations":[{"start":{"line":44,"column":29},"end":{"line":52,"column":25}}]},"15":{"type":"branch","line":52,"loc":{"start":{"line":52,"column":25},"end":{"line":54,"column":3}},"locations":[{"start":{"line":52,"column":25},"end":{"line":54,"column":3}}]},"16":{"type":"branch","line":54,"loc":{"start":{"line":54,"column":2},"end":{"line":57,"column":1}},"locations":[{"start":{"line":54,"column":2},"end":{"line":57,"column":1}}]},"17":{"type":"branch","line":48,"loc":{"start":{"line":48,"column":44},"end":{"line":49,"column":44}},"locations":[{"start":{"line":48,"column":44},"end":{"line":49,"column":44}}]}},"b":{"0":[3],"1":[2],"2":[0],"3":[1],"4":[1],"5":[0],"6":[1],"7":[92],"8":[2],"9":[36],"10":[34],"11":[2],"12":[32],"13":[2],"14":[1],"15":[0],"16":[1],"17":[2]},"fnMap":{"0":{"name":"resolveProjectRoot","decl":{"start":{"line":4,"column":7},"end":{"line":24,"column":1}},"loc":{"start":{"line":4,"column":7},"end":{"line":24,"column":1}},"line":4},"1":{"name":"getPlanDir","decl":{"start":{"line":26,"column":7},"end":{"line":28,"column":1}},"loc":{"start":{"line":26,"column":7},"end":{"line":28,"column":1}},"line":26},"2":{"name":"getPlansDir","decl":{"start":{"line":30,"column":7},"end":{"line":32,"column":1}},"loc":{"start":{"line":30,"column":7},"end":{"line":32,"column":1}},"line":30},"3":{"name":"findPlanId","decl":{"start":{"line":34,"column":7},"end":{"line":57,"column":1}},"loc":{"start":{"line":34,"column":7},"end":{"line":57,"column":1}},"line":34}},"f":{"0":3,"1":92,"2":2,"3":36}}
,"/Users/felipe_gonzalez/Developer/plan_dope/src/core/review.ts": {"path":"/Users/felipe_gonzalez/Developer/plan_dope/src/core/review.ts","all":false,"statementMap":{"0":{"start":{"line":1,"column":0},"end":{"line":1,"column":72}},"9":{"start":{"line":10,"column":0},"end":{"line":10,"column":89}},"10":{"start":{"line":11,"column":0},"end":{"line":11,"column":45}},"11":{"start":{"line":12,"column":0},"end":{"line":12,"column":46}},"13":{"start":{"line":14,"column":0},"end":{"line":14,"column":44}},"14":{"start":{"line":15,"column":0},"end":{"line":15,"column":46}},"15":{"start":{"line":16,"column":0},"end":{"line":16,"column":65}},"17":{"start":{"line":18,"column":0},"end":{"line":18,"column":83}},"18":{"start":{"line":19,"column":0},"end":{"line":19,"column":96}},"19":{"start":{"line":20,"column":0},"end":{"line":20,"column":117}},"21":{"start":{"line":22,"column":0},"end":{"line":22,"column":66}},"22":{"start":{"line":23,"column":0},"end":{"line":23,"column":52}},"24":{"start":{"line":25,"column":0},"end":{"line":25,"column":54}},"25":{"start":{"line":26,"column":0},"end":{"line":26,"column":42}},"27":{"start":{"line":28,"column":0},"end":{"line":28,"column":98}},"29":{"start":{"line":30,"column":0},"end":{"line":30,"column":33}},"32":{"start":{"line":33,"column":0},"end":{"line":33,"column":46}},"33":{"start":{"line":34,"column":0},"end":{"line":34,"column":56}},"34":{"start":{"line":35,"column":0},"end":{"line":35,"column":21}},"35":{"start":{"line":36,"column":0},"end":{"line":36,"column":29}},"36":{"start":{"line":37,"column":0},"end":{"line":37,"column":31}},"37":{"start":{"line":38,"column":0},"end":{"line":38,"column":75}},"38":{"start":{"line":39,"column":0},"end":{"line":39,"column":9}},"39":{"start":{"line":40,"column":0},"end":{"line":40,"column":5}},"40":{"start":{"line":41,"column":0},"end":{"line":41,"column":3}},"43":{"start":{"line":44,"column":0},"end":{"line":44,"column":58}},"44":{"start":{"line":45,"column":0},"end":{"line":45,"column":19}},"45":{"start":{"line":46,"column":0},"end":{"line":46,"column":26}},"46":{"start":{"line":47,"column":0},"end":{"line":47,"column":29}},"47":{"start":{"line":48,"column":0},"end":{"line":48,"column":27}},"48":{"start":{"line":49,"column":0},"end":{"line":49,"column":7}},"49":{"start":{"line":50,"column":0},"end":{"line":50,"column":3}},"52":{"start":{"line":53,"column":0},"end":{"line":53,"column":113}},"53":{"start":{"line":54,"column":0},"end":{"line":54,"column":19}},"54":{"start":{"line":55,"column":0},"end":{"line":55,"column":26}},"55":{"start":{"line":56,"column":0},"end":{"line":56,"column":31}},"56":{"start":{"line":57,"column":0},"end":{"line":57,"column":74}},"57":{"start":{"line":58,"column":0},"end":{"line":58,"column":7}},"58":{"start":{"line":59,"column":0},"end":{"line":59,"column":3}},"60":{"start":{"line":61,"column":0},"end":{"line":61,"column":84}},"61":{"start":{"line":62,"column":0},"end":{"line":62,"column":19}},"62":{"start":{"line":63,"column":0},"end":{"line":63,"column":26}},"63":{"start":{"line":64,"column":0},"end":{"line":64,"column":31}},"64":{"start":{"line":65,"column":0},"end":{"line":65,"column":73}},"65":{"start":{"line":66,"column":0},"end":{"line":66,"column":7}},"66":{"start":{"line":67,"column":0},"end":{"line":67,"column":3}},"69":{"start":{"line":70,"column":0},"end":{"line":70,"column":70}},"70":{"start":{"line":71,"column":0},"end":{"line":71,"column":105}},"72":{"start":{"line":73,"column":0},"end":{"line":73,"column":18}},"73":{"start":{"line":74,"column":0},"end":{"line":74,"column":18}},"74":{"start":{"line":75,"column":0},"end":{"line":75,"column":16}},"75":{"start":{"line":76,"column":0},"end":{"line":76,"column":32}},"76":{"start":{"line":77,"column":0},"end":{"line":77,"column":23}},"77":{"start":{"line":78,"column":0},"end":{"line":78,"column":12}},"78":{"start":{"line":79,"column":0},"end":{"line":79,"column":13}},"79":{"start":{"line":80,"column":0},"end":{"line":80,"column":30}},"80":{"start":{"line":81,"column":0},"end":{"line":81,"column":85}},"81":{"start":{"line":82,"column":0},"end":{"line":82,"column":47}},"82":{"start":{"line":83,"column":0},"end":{"line":83,"column":4}},"85":{"start":{"line":86,"column":0},"end":{"line":86,"column":55}},"86":{"start":{"line":87,"column":0},"end":{"line":87,"column":50}},"87":{"start":{"line":88,"column":0},"end":{"line":88,"column":47}},"90":{"start":{"line":91,"column":0},"end":{"line":91,"column":72}},"91":{"start":{"line":92,"column":0},"end":{"line":92,"column":48}},"92":{"start":{"line":93,"column":0},"end":{"line":93,"column":116}},"93":{"start":{"line":94,"column":0},"end":{"line":94,"column":84}},"94":{"start":{"line":95,"column":0},"end":{"line":95,"column":115}},"97":{"start":{"line":98,"column":0},"end":{"line":98,"column":27}},"98":{"start":{"line":99,"column":0},"end":{"line":99,"column":34}},"99":{"start":{"line":100,"column":0},"end":{"line":100,"column":10}},"100":{"start":{"line":101,"column":0},"end":{"line":101,"column":37}},"101":{"start":{"line":102,"column":0},"end":{"line":102,"column":3}},"103":{"start":{"line":104,"column":0},"end":{"line":104,"column":20}},"104":{"start":{"line":105,"column":0},"end":{"line":105,"column":1}},"106":{"start":{"line":107,"column":0},"end":{"line":107,"column":41}},"114":{"start":{"line":115,"column":0},"end":{"line":115,"column":12}},"115":{"start":{"line":116,"column":0},"end":{"line":116,"column":84}},"116":{"start":{"line":117,"column":0},"end":{"line":117,"column":75}},"117":{"start":{"line":118,"column":0},"end":{"line":118,"column":81}},"119":{"start":{"line":120,"column":0},"end":{"line":120,"column":44}},"125":{"start":{"line":126,"column":0},"end":{"line":126,"column":29}},"126":{"start":{"line":127,"column":0},"end":{"line":127,"column":31}},"127":{"start":{"line":128,"column":0},"end":{"line":128,"column":52}},"128":{"start":{"line":129,"column":0},"end":{"line":129,"column":39}},"129":{"start":{"line":130,"column":0},"end":{"line":130,"column":35}},"133":{"start":{"line":134,"column":0},"end":{"line":134,"column":41}},"134":{"start":{"line":135,"column":0},"end":{"line":135,"column":122}},"136":{"start":{"line":137,"column":0},"end":{"line":137,"column":33}},"137":{"start":{"line":138,"column":0},"end":{"line":138,"column":106}},"139":{"start":{"line":140,"column":0},"end":{"line":140,"column":39}},"140":{"start":{"line":141,"column":0},"end":{"line":141,"column":112}},"144":{"start":{"line":145,"column":0},"end":{"line":145,"column":47}},"149":{"start":{"line":150,"column":0},"end":{"line":150,"column":1}}},"s":{"0":1,"9":7,"10":7,"11":7,"13":7,"14":7,"15":7,"17":7,"18":7,"19":7,"21":6,"22":6,"24":6,"25":6,"27":6,"29":6,"32":7,"33":0,"34":0,"35":0,"36":0,"37":0,"38":0,"39":0,"40":0,"43":7,"44":0,"45":0,"46":0,"47":0,"48":0,"49":0,"52":7,"53":6,"54":6,"55":6,"56":6,"57":6,"58":6,"60":7,"61":6,"62":6,"63":6,"64":6,"65":6,"66":6,"69":6,"70":7,"72":7,"73":7,"74":7,"75":7,"76":7,"77":7,"78":7,"79":7,"80":6,"81":0,"82":7,"85":7,"86":7,"87":7,"90":7,"91":7,"92":7,"93":7,"94":7,"97":7,"98":0,"99":7,"100":6,"101":6,"103":6,"104":6,"106":6,"114":6,"115":6,"116":6,"117":6,"119":6,"125":6,"126":6,"127":6,"128":6,"129":6,"133":6,"134":6,"136":6,"137":6,"139":6,"140":6,"144":6,"149":6},"branchMap":{"0":{"type":"branch","line":10,"loc":{"start":{"line":10,"column":0},"end":{"line":105,"column":1}},"locations":[{"start":{"line":10,"column":0},"end":{"line":105,"column":1}}]},"1":{"type":"branch","line":18,"loc":{"start":{"line":18,"column":29},"end":{"line":18,"column":83}},"locations":[{"start":{"line":18,"column":29},"end":{"line":18,"column":83}}]},"2":{"type":"branch","line":19,"loc":{"start":{"line":19,"column":29},"end":{"line":19,"column":96}},"locations":[{"start":{"line":19,"column":29},"end":{"line":19,"column":96}}]},"3":{"type":"branch","line":20,"loc":{"start":{"line":20,"column":35},"end":{"line":20,"column":117}},"locations":[{"start":{"line":20,"column":35},"end":{"line":20,"column":117}}]},"4":{"type":"branch","line":20,"loc":{"start":{"line":20,"column":115},"end":{"line":33,"column":45}},"locations":[{"start":{"line":20,"column":115},"end":{"line":33,"column":45}}]},"5":{"type":"branch","line":33,"loc":{"start":{"line":33,"column":45},"end":{"line":41,"column":3}},"locations":[{"start":{"line":33,"column":45},"end":{"line":41,"column":3}}]},"6":{"type":"branch","line":41,"loc":{"start":{"line":41,"column":2},"end":{"line":44,"column":53}},"locations":[{"start":{"line":41,"column":2},"end":{"line":44,"column":53}}]},"7":{"type":"branch","line":44,"loc":{"start":{"line":44,"column":41},"end":{"line":44,"column":57}},"locations":[{"start":{"line":44,"column":41},"end":{"line":44,"column":57}}]},"8":{"type":"branch","line":44,"loc":{"start":{"line":44,"column":57},"end":{"line":50,"column":3}},"locations":[{"start":{"line":44,"column":57},"end":{"line":50,"column":3}}]},"9":{"type":"branch","line":50,"loc":{"start":{"line":50,"column":2},"end":{"line":53,"column":112}},"locations":[{"start":{"line":50,"column":2},"end":{"line":53,"column":112}}]},"10":{"type":"branch","line":53,"loc":{"start":{"line":53,"column":112},"end":{"line":61,"column":83}},"locations":[{"start":{"line":53,"column":112},"end":{"line":61,"column":83}}]},"11":{"type":"branch","line":61,"loc":{"start":{"line":61,"column":83},"end":{"line":71,"column":47}},"locations":[{"start":{"line":61,"column":83},"end":{"line":71,"column":47}}]},"12":{"type":"branch","line":71,"loc":{"start":{"line":71,"column":33},"end":{"line":71,"column":56}},"locations":[{"start":{"line":71,"column":33},"end":{"line":71,"column":56}}]},"13":{"type":"branch","line":71,"loc":{"start":{"line":71,"column":47},"end":{"line":71,"column":105}},"locations":[{"start":{"line":71,"column":47},"end":{"line":71,"column":105}}]},"14":{"type":"branch","line":71,"loc":{"start":{"line":71,"column":78},"end":{"line":71,"column":105}},"locations":[{"start":{"line":71,"column":78},"end":{"line":71,"column":105}}]},"15":{"type":"branch","line":80,"loc":{"start":{"line":80,"column":29},"end":{"line":81,"column":85}},"locations":[{"start":{"line":80,"column":29},"end":{"line":81,"column":85}}]},"16":{"type":"branch","line":81,"loc":{"start":{"line":81,"column":84},"end":{"line":82,"column":47}},"locations":[{"start":{"line":81,"column":84},"end":{"line":82,"column":47}}]},"17":{"type":"branch","line":98,"loc":{"start":{"line":98,"column":26},"end":{"line":100,"column":9}},"locations":[{"start":{"line":98,"column":26},"end":{"line":100,"column":9}}]},"18":{"type":"branch","line":100,"loc":{"start":{"line":100,"column":2},"end":{"line":105,"column":1}},"locations":[{"start":{"line":100,"column":2},"end":{"line":105,"column":1}}]},"19":{"type":"branch","line":70,"loc":{"start":{"line":70,"column":36},"end":{"line":70,"column":68}},"locations":[{"start":{"line":70,"column":36},"end":{"line":70,"column":68}}]},"20":{"type":"branch","line":107,"loc":{"start":{"line":107,"column":0},"end":{"line":150,"column":1}},"locations":[{"start":{"line":107,"column":0},"end":{"line":150,"column":1}}]},"21":{"type":"branch","line":135,"loc":{"start":{"line":135,"column":28},"end":{"line":135,"column":115}},"locations":[{"start":{"line":135,"column":28},"end":{"line":135,"column":115}}]},"22":{"type":"branch","line":138,"loc":{"start":{"line":138,"column":95},"end":{"line":138,"column":105}},"locations":[{"start":{"line":138,"column":95},"end":{"line":138,"column":105}}]},"23":{"type":"branch","line":141,"loc":{"start":{"line":141,"column":23},"end":{"line":141,"column":105}},"locations":[{"start":{"line":141,"column":23},"end":{"line":141,"column":105}}]},"24":{"type":"branch","line":116,"loc":{"start":{"line":116,"column":50},"end":{"line":116,"column":82}},"locations":[{"start":{"line":116,"column":50},"end":{"line":116,"column":82}}]},"25":{"type":"branch","line":117,"loc":{"start":{"line":117,"column":42},"end":{"line":117,"column":73}},"locations":[{"start":{"line":117,"column":42},"end":{"line":117,"column":73}}]},"26":{"type":"branch","line":118,"loc":{"start":{"line":118,"column":45},"end":{"line":118,"column":79}},"locations":[{"start":{"line":118,"column":45},"end":{"line":118,"column":79}}]},"27":{"type":"branch","line":138,"loc":{"start":{"line":138,"column":37},"end":{"line":138,"column":84}},"locations":[{"start":{"line":138,"column":37},"end":{"line":138,"column":84}}]},"28":{"type":"branch","line":145,"loc":{"start":{"line":145,"column":19},"end":{"line":145,"column":34}},"locations":[{"start":{"line":145,"column":19},"end":{"line":145,"column":34}}]}},"b":{"0":[7],"1":[0],"2":[0],"3":[1],"4":[6],"5":[0],"6":[6],"7":[0],"8":[0],"9":[6],"10":[6],"11":[6],"12":[0],"13":[6],"14":[0],"15":[6],"16":[0],"17":[0],"18":[6],"19":[12],"20":[6],"21":[0],"22":[0],"23":[0],"24":[12],"25":[12],"26":[12],"27":[12],"28":[6]},"fnMap":{"0":{"name":"reviewPlan","decl":{"start":{"line":10,"column":0},"end":{"line":105,"column":1}},"loc":{"start":{"line":10,"column":0},"end":{"line":105,"column":1}},"line":10},"1":{"name":"generateReviewMarkdown","decl":{"start":{"line":107,"column":0},"end":{"line":150,"column":1}},"loc":{"start":{"line":107,"column":0},"end":{"line":150,"column":1}},"line":107}},"f":{"0":7,"1":6}}
,"/Users/felipe_gonzalez/Developer/plan_dope/src/core/state.ts": {"path":"/Users/felipe_gonzalez/Developer/plan_dope/src/core/state.ts","all":false,"statementMap":{"0":{"start":{"line":1,"column":0},"end":{"line":1,"column":72}},"13":{"start":{"line":14,"column":0},"end":{"line":14,"column":55}},"14":{"start":{"line":15,"column":0},"end":{"line":15,"column":49}},"15":{"start":{"line":16,"column":0},"end":{"line":16,"column":31}},"16":{"start":{"line":17,"column":0},"end":{"line":17,"column":12}},"17":{"start":{"line":18,"column":0},"end":{"line":18,"column":25}},"18":{"start":{"line":19,"column":0},"end":{"line":19,"column":21}},"19":{"start":{"line":20,"column":0},"end":{"line":20,"column":24}},"20":{"start":{"line":21,"column":0},"end":{"line":21,"column":24}},"21":{"start":{"line":22,"column":0},"end":{"line":22,"column":6}},"22":{"start":{"line":23,"column":0},"end":{"line":23,"column":3}},"23":{"start":{"line":24,"column":0},"end":{"line":24,"column":54}},"24":{"start":{"line":25,"column":0},"end":{"line":25,"column":1}},"26":{"start":{"line":27,"column":0},"end":{"line":27,"column":73}},"27":{"start":{"line":28,"column":0},"end":{"line":28,"column":35}},"28":{"start":{"line":29,"column":0},"end":{"line":29,"column":25}},"29":{"start":{"line":30,"column":0},"end":{"line":30,"column":27}},"30":{"start":{"line":31,"column":0},"end":{"line":31,"column":87}},"31":{"start":{"line":32,"column":0},"end":{"line":32,"column":1}}},"s":{"0":1,"13":1,"14":38,"15":38,"16":0,"17":0,"18":0,"19":0,"20":0,"21":0,"22":0,"23":38,"24":38,"26":1,"27":28,"28":28,"29":28,"30":28,"31":28},"branchMap":{"0":{"type":"branch","line":14,"loc":{"start":{"line":14,"column":7},"end":{"line":25,"column":1}},"locations":[{"start":{"line":14,"column":7},"end":{"line":25,"column":1}}]},"1":{"type":"branch","line":16,"loc":{"start":{"line":16,"column":30},"end":{"line":23,"column":3}},"locations":[{"start":{"line":16,"column":30},"end":{"line":23,"column":3}}]},"2":{"type":"branch","line":27,"loc":{"start":{"line":27,"column":7},"end":{"line":32,"column":1}},"locations":[{"start":{"line":27,"column":7},"end":{"line":32,"column":1}}]}},"b":{"0":[38],"1":[0],"2":[28]},"fnMap":{"0":{"name":"readState","decl":{"start":{"line":14,"column":7},"end":{"line":25,"column":1}},"loc":{"start":{"line":14,"column":7},"end":{"line":25,"column":1}},"line":14},"1":{"name":"updateState","decl":{"start":{"line":27,"column":7},"end":{"line":32,"column":1}},"loc":{"start":{"line":27,"column":7},"end":{"line":32,"column":1}},"line":27}},"f":{"0":38,"1":28}}
,"/Users/felipe_gonzalez/Developer/plan_dope/src/core/validate.ts": {"path":"/Users/felipe_gonzalez/Developer/plan_dope/src/core/validate.ts","all":false,"statementMap":{"0":{"start":{"line":1,"column":0},"end":{"line":1,"column":72}},"8":{"start":{"line":9,"column":0},"end":{"line":9,"column":91}},"9":{"start":{"line":10,"column":0},"end":{"line":10,"column":45}},"10":{"start":{"line":11,"column":0},"end":{"line":11,"column":46}},"11":{"start":{"line":12,"column":0},"end":{"line":12,"column":46}},"13":{"start":{"line":14,"column":0},"end":{"line":14,"column":30}},"14":{"start":{"line":15,"column":0},"end":{"line":15,"column":88}},"15":{"start":{"line":16,"column":0},"end":{"line":16,"column":3}},"17":{"start":{"line":18,"column":0},"end":{"line":18,"column":54}},"18":{"start":{"line":19,"column":0},"end":{"line":19,"column":36}},"19":{"start":{"line":20,"column":0},"end":{"line":20,"column":42}},"21":{"start":{"line":22,"column":0},"end":{"line":22,"column":63}},"22":{"start":{"line":23,"column":0},"end":{"line":23,"column":32}},"25":{"start":{"line":26,"column":0},"end":{"line":26,"column":145}},"26":{"start":{"line":27,"column":0},"end":{"line":27,"column":39}},"27":{"start":{"line":28,"column":0},"end":{"line":28,"column":29}},"28":{"start":{"line":29,"column":0},"end":{"line":29,"column":74}},"29":{"start":{"line":30,"column":0},"end":{"line":30,"column":5}},"30":{"start":{"line":31,"column":0},"end":{"line":31,"column":3}},"33":{"start":{"line":34,"column":0},"end":{"line":34,"column":37}},"34":{"start":{"line":35,"column":0},"end":{"line":35,"column":37}},"35":{"start":{"line":36,"column":0},"end":{"line":36,"column":41}},"36":{"start":{"line":37,"column":0},"end":{"line":37,"column":5}},"37":{"start":{"line":38,"column":0},"end":{"line":38,"column":52}},"38":{"start":{"line":39,"column":0},"end":{"line":39,"column":37}},"39":{"start":{"line":40,"column":0},"end":{"line":40,"column":24}},"40":{"start":{"line":41,"column":0},"end":{"line":41,"column":78}},"41":{"start":{"line":42,"column":0},"end":{"line":42,"column":7}},"42":{"start":{"line":43,"column":0},"end":{"line":43,"column":5}},"43":{"start":{"line":44,"column":0},"end":{"line":44,"column":10}},"44":{"start":{"line":45,"column":0},"end":{"line":45,"column":73}},"45":{"start":{"line":46,"column":0},"end":{"line":46,"column":3}},"48":{"start":{"line":49,"column":0},"end":{"line":49,"column":36}},"49":{"start":{"line":50,"column":0},"end":{"line":50,"column":51}},"50":{"start":{"line":51,"column":0},"end":{"line":51,"column":35}},"51":{"start":{"line":52,"column":0},"end":{"line":52,"column":30}},"52":{"start":{"line":53,"column":0},"end":{"line":53,"column":83}},"53":{"start":{"line":54,"column":0},"end":{"line":54,"column":7}},"54":{"start":{"line":55,"column":0},"end":{"line":55,"column":80}},"55":{"start":{"line":56,"column":0},"end":{"line":56,"column":102}},"56":{"start":{"line":57,"column":0},"end":{"line":57,"column":7}},"57":{"start":{"line":58,"column":0},"end":{"line":58,"column":5}},"58":{"start":{"line":59,"column":0},"end":{"line":59,"column":10}},"59":{"start":{"line":60,"column":0},"end":{"line":60,"column":71}},"60":{"start":{"line":61,"column":0},"end":{"line":61,"column":3}},"62":{"start":{"line":63,"column":0},"end":{"line":63,"column":59}},"64":{"start":{"line":65,"column":0},"end":{"line":65,"column":18}},"65":{"start":{"line":66,"column":0},"end":{"line":66,"column":28}},"66":{"start":{"line":67,"column":0},"end":{"line":67,"column":34}},"67":{"start":{"line":68,"column":0},"end":{"line":68,"column":24}},"68":{"start":{"line":69,"column":0},"end":{"line":69,"column":11}},"69":{"start":{"line":70,"column":0},"end":{"line":70,"column":11}},"70":{"start":{"line":71,"column":0},"end":{"line":71,"column":13}},"71":{"start":{"line":72,"column":0},"end":{"line":72,"column":4}},"73":{"start":{"line":74,"column":0},"end":{"line":74,"column":61}},"74":{"start":{"line":75,"column":0},"end":{"line":75,"column":56}},"76":{"start":{"line":77,"column":0},"end":{"line":77,"column":27}},"77":{"start":{"line":78,"column":0},"end":{"line":78,"column":38}},"78":{"start":{"line":79,"column":0},"end":{"line":79,"column":3}},"80":{"start":{"line":81,"column":0},"end":{"line":81,"column":20}},"81":{"start":{"line":82,"column":0},"end":{"line":82,"column":1}}},"s":{"0":1,"8":9,"9":9,"10":9,"11":9,"13":9,"14":1,"15":1,"17":8,"18":8,"19":8,"21":8,"22":8,"25":8,"26":9,"27":64,"28":0,"29":0,"30":64,"33":8,"34":8,"35":0,"36":0,"37":8,"38":8,"39":8,"40":0,"41":0,"42":8,"43":9,"44":0,"45":0,"48":8,"49":8,"50":0,"51":0,"52":0,"53":0,"54":0,"55":0,"56":0,"57":0,"58":9,"59":0,"60":0,"62":9,"64":9,"65":9,"66":9,"67":9,"68":9,"69":9,"70":9,"71":9,"73":9,"74":9,"76":9,"77":8,"78":8,"80":8,"81":8},"branchMap":{"0":{"type":"branch","line":9,"loc":{"start":{"line":9,"column":0},"end":{"line":82,"column":1}},"locations":[{"start":{"line":9,"column":0},"end":{"line":82,"column":1}}]},"1":{"type":"branch","line":14,"loc":{"start":{"line":14,"column":29},"end":{"line":16,"column":3}},"locations":[{"start":{"line":14,"column":29},"end":{"line":16,"column":3}}]},"2":{"type":"branch","line":16,"loc":{"start":{"line":16,"column":2},"end":{"line":27,"column":38}},"locations":[{"start":{"line":16,"column":2},"end":{"line":27,"column":38}}]},"3":{"type":"branch","line":27,"loc":{"start":{"line":27,"column":38},"end":{"line":31,"column":3}},"locations":[{"start":{"line":27,"column":38},"end":{"line":31,"column":3}}]},"4":{"type":"branch","line":28,"loc":{"start":{"line":28,"column":28},"end":{"line":30,"column":5}},"locations":[{"start":{"line":28,"column":28},"end":{"line":30,"column":5}}]},"5":{"type":"branch","line":31,"loc":{"start":{"line":31,"column":2},"end":{"line":44,"column":9}},"locations":[{"start":{"line":31,"column":2},"end":{"line":44,"column":9}}]},"6":{"type":"branch","line":35,"loc":{"start":{"line":35,"column":36},"end":{"line":37,"column":5}},"locations":[{"start":{"line":35,"column":36},"end":{"line":37,"column":5}}]},"7":{"type":"branch","line":40,"loc":{"start":{"line":40,"column":23},"end":{"line":42,"column":7}},"locations":[{"start":{"line":40,"column":23},"end":{"line":42,"column":7}}]},"8":{"type":"branch","line":44,"loc":{"start":{"line":44,"column":2},"end":{"line":46,"column":3}},"locations":[{"start":{"line":44,"column":2},"end":{"line":46,"column":3}}]},"9":{"type":"branch","line":46,"loc":{"start":{"line":46,"column":2},"end":{"line":59,"column":9}},"locations":[{"start":{"line":46,"column":2},"end":{"line":59,"column":9}}]},"10":{"type":"branch","line":50,"loc":{"start":{"line":50,"column":50},"end":{"line":58,"column":5}},"locations":[{"start":{"line":50,"column":50},"end":{"line":58,"column":5}}]},"11":{"type":"branch","line":59,"loc":{"start":{"line":59,"column":2},"end":{"line":61,"column":3}},"locations":[{"start":{"line":59,"column":2},"end":{"line":61,"column":3}}]},"12":{"type":"branch","line":61,"loc":{"start":{"line":61,"column":2},"end":{"line":63,"column":49}},"locations":[{"start":{"line":61,"column":2},"end":{"line":63,"column":49}}]},"13":{"type":"branch","line":63,"loc":{"start":{"line":63,"column":39},"end":{"line":63,"column":59}},"locations":[{"start":{"line":63,"column":39},"end":{"line":63,"column":59}}]},"14":{"type":"branch","line":77,"loc":{"start":{"line":77,"column":26},"end":{"line":82,"column":1}},"locations":[{"start":{"line":77,"column":26},"end":{"line":82,"column":1}}]}},"b":{"0":[9],"1":[1],"2":[8],"3":[64],"4":[0],"5":[8],"6":[0],"7":[0],"8":[0],"9":[8],"10":[0],"11":[0],"12":[8],"13":[0],"14":[8]},"fnMap":{"0":{"name":"validatePlan","decl":{"start":{"line":9,"column":0},"end":{"line":82,"column":1}},"loc":{"start":{"line":9,"column":0},"end":{"line":82,"column":1}},"line":9}},"f":{"0":9}}
,"/Users/felipe_gonzalez/Developer/plan_dope/src/types/index.ts": {"path":"/Users/felipe_gonzalez/Developer/plan_dope/src/types/index.ts","all":true,"statementMap":{},"s":{},"branchMap":{"0":{"type":"branch","line":1,"loc":{"start":{"line":1,"column":2345},"end":{"line":100,"column":1}},"locations":[{"start":{"line":1,"column":2345},"end":{"line":100,"column":1}}]}},"b":{"0":[1]},"fnMap":{"0":{"name":"(empty-report)","decl":{"start":{"line":1,"column":2345},"end":{"line":100,"column":1}},"loc":{"start":{"line":1,"column":2345},"end":{"line":100,"column":1}},"line":1}},"f":{"0":1}}
}
